Compiling the C compiler identification source file "CMakeCCompilerId.c" failed.
Compiler: /usr/local/bin/wllvm 
Build flags: 
Id flags: 

The output was:
1
CRITICAL: No compiler set. Please set environment variable LLVM_COMPILER
WARNING:wllvm: exception case:  No compiler set. Please set environment variable %s


Compiling the C compiler identification source file "CMakeCCompilerId.c" failed.
Compiler: /usr/local/bin/wllvm 
Build flags: 
Id flags: -c

The output was:
1
CRITICAL: No compiler set. Please set environment variable LLVM_COMPILER
WARNING:wllvm: exception case:  No compiler set. Please set environment variable %s


Compiling the C compiler identification source file "CMakeCCompilerId.c" failed.
Compiler: /usr/local/bin/wllvm 
Build flags: 
Id flags: -Aa

The output was:
1
CRITICAL: No compiler set. Please set environment variable LLVM_COMPILER
WARNING:wllvm: exception case:  No compiler set. Please set environment variable %s


Checking whether the C compiler is IAR using "" did not match "IAR .+ Compiler":
CRITICAL: No compiler set. Please set environment variable LLVM_COMPILER
WARNING:wllvm: exception case:  No compiler set. Please set environment variable %s
Determining if the C compiler works failed with the following output:
Change Dir: /home/grace/Desktop/polarssl_test/klee_test/obj_llvm/CMakeFiles/CMakeTmp

Run Build Command:"/usr/bin/make" "cmTC_394a4/fast"
/usr/bin/make -f CMakeFiles/cmTC_394a4.dir/build.make CMakeFiles/cmTC_394a4.dir/build
make[1]: Entering directory '/home/grace/Desktop/polarssl_test/klee_test/obj_llvm/CMakeFiles/CMakeTmp'
Building C object CMakeFiles/cmTC_394a4.dir/testCCompiler.c.o
/usr/local/bin/wllvm     -o CMakeFiles/cmTC_394a4.dir/testCCompiler.c.o   -c /home/grace/Desktop/polarssl_test/klee_test/obj_llvm/CMakeFiles/CMakeTmp/testCCompiler.c
CRITICAL: No compiler set. Please set environment variable LLVM_COMPILER
WARNING:wllvm: exception case:  No compiler set. Please set environment variable %s
CMakeFiles/cmTC_394a4.dir/build.make:65: recipe for target 'CMakeFiles/cmTC_394a4.dir/testCCompiler.c.o' failed
make[1]: *** [CMakeFiles/cmTC_394a4.dir/testCCompiler.c.o] Error 1
make[1]: Leaving directory '/home/grace/Desktop/polarssl_test/klee_test/obj_llvm/CMakeFiles/CMakeTmp'
Makefile:126: recipe for target 'cmTC_394a4/fast' failed
make: *** [cmTC_394a4/fast] Error 2


Determining if the pthread_create exist failed with the following output:
Change Dir: /home/grace/Desktop/polarssl_test/klee_test/obj_llvm/CMakeFiles/CMakeTmp

Run Build Command:"/usr/bin/make" "cmTC_e3937/fast"
/usr/bin/make -f CMakeFiles/cmTC_e3937.dir/build.make CMakeFiles/cmTC_e3937.dir/build
make[1]: Entering directory '/home/grace/Desktop/polarssl_test/klee_test/obj_llvm/CMakeFiles/CMakeTmp'
Building C object CMakeFiles/cmTC_e3937.dir/CheckSymbolExists.c.o
/usr/local/bin/wllvm    -g -O1 -Xclang -disable-llvm-passes -D__NO_STRING_INLINES  -D_FORTIFY_SOURCE=0 -U__OPTIMIZE__    -o CMakeFiles/cmTC_e3937.dir/CheckSymbolExists.c.o   -c /home/grace/Desktop/polarssl_test/klee_test/obj_llvm/CMakeFiles/CMakeTmp/CheckSymbolExists.c
Linking C executable cmTC_e3937
/usr/bin/cmake -E cmake_link_script CMakeFiles/cmTC_e3937.dir/link.txt --verbose=1
/usr/local/bin/wllvm  -g -O1 -Xclang -disable-llvm-passes -D__NO_STRING_INLINES  -D_FORTIFY_SOURCE=0 -U__OPTIMIZE__     CMakeFiles/cmTC_e3937.dir/CheckSymbolExists.c.o  -o cmTC_e3937 -rdynamic 
CMakeFiles/cmTC_e3937.dir/CheckSymbolExists.c.o: In function `main':
/home/grace/Desktop/polarssl_test/klee_test/obj_llvm/CMakeFiles/CMakeTmp/CheckSymbolExists.c:8: undefined reference to `pthread_create'
clang: error: linker command failed with exit code 1 (use -v to see invocation)
ERROR:Failed to compile using given arguments: [-g -O1 -Xclang -disable-llvm-passes -D__NO_STRING_INLINES -D_FORTIFY_SOURCE=0 -U__OPTIMIZE__ CMakeFiles/cmTC_e3937.dir/CheckSymbolExists.c.o -o cmTC_e3937 -rdynamic]
CMakeFiles/cmTC_e3937.dir/build.make:97: recipe for target 'cmTC_e3937' failed
make[1]: *** [cmTC_e3937] Error 1
make[1]: Leaving directory '/home/grace/Desktop/polarssl_test/klee_test/obj_llvm/CMakeFiles/CMakeTmp'
Makefile:126: recipe for target 'cmTC_e3937/fast' failed
make: *** [cmTC_e3937/fast] Error 2

File /home/grace/Desktop/polarssl_test/klee_test/obj_llvm/CMakeFiles/CMakeTmp/CheckSymbolExists.c:
/* */
#include <pthread.h>

int main(int argc, char** argv)
{
  (void)argv;
#ifndef pthread_create
  return ((int*)(&pthread_create))[argc];
#else
  (void)argc;
  return 0;
#endif
}

Determining if the function pthread_create exists in the pthreads failed with the following output:
Change Dir: /home/grace/Desktop/polarssl_test/klee_test/obj_llvm/CMakeFiles/CMakeTmp

Run Build Command:"/usr/bin/make" "cmTC_9d859/fast"
/usr/bin/make -f CMakeFiles/cmTC_9d859.dir/build.make CMakeFiles/cmTC_9d859.dir/build
make[1]: Entering directory '/home/grace/Desktop/polarssl_test/klee_test/obj_llvm/CMakeFiles/CMakeTmp'
Building C object CMakeFiles/cmTC_9d859.dir/CheckFunctionExists.c.o
/usr/local/bin/wllvm    -g -O1 -Xclang -disable-llvm-passes -D__NO_STRING_INLINES  -D_FORTIFY_SOURCE=0 -U__OPTIMIZE__ -DCHECK_FUNCTION_EXISTS=pthread_create   -o CMakeFiles/cmTC_9d859.dir/CheckFunctionExists.c.o   -c /usr/share/cmake-3.5/Modules/CheckFunctionExists.c
Linking C executable cmTC_9d859
/usr/bin/cmake -E cmake_link_script CMakeFiles/cmTC_9d859.dir/link.txt --verbose=1
/usr/local/bin/wllvm  -g -O1 -Xclang -disable-llvm-passes -D__NO_STRING_INLINES  -D_FORTIFY_SOURCE=0 -U__OPTIMIZE__ -DCHECK_FUNCTION_EXISTS=pthread_create    CMakeFiles/cmTC_9d859.dir/CheckFunctionExists.c.o  -o cmTC_9d859 -rdynamic -lpthreads 
/usr/bin/ld: cannot find -lpthreads
clang: error: linker command failed with exit code 1 (use -v to see invocation)
ERROR:Failed to compile using given arguments: [-g -O1 -Xclang -disable-llvm-passes -D__NO_STRING_INLINES -D_FORTIFY_SOURCE=0 -U__OPTIMIZE__ -DCHECK_FUNCTION_EXISTS=pthread_create CMakeFiles/cmTC_9d859.dir/CheckFunctionExists.c.o -o cmTC_9d859 -rdynamic -lpthreads]
CMakeFiles/cmTC_9d859.dir/build.make:97: recipe for target 'cmTC_9d859' failed
make[1]: *** [cmTC_9d859] Error 1
make[1]: Leaving directory '/home/grace/Desktop/polarssl_test/klee_test/obj_llvm/CMakeFiles/CMakeTmp'
Makefile:126: recipe for target 'cmTC_9d859/fast' failed
make: *** [cmTC_9d859/fast] Error 2


