Determining if the pthread_create exist failed with the following output:
Change Dir: /home/grace/Desktop/polarssl_test/klee_test/obj_gcov/CMakeFiles/CMakeTmp

Run Build Command:"/usr/bin/make" "cmTC_661d8/fast"
/usr/bin/make -f CMakeFiles/cmTC_661d8.dir/build.make CMakeFiles/cmTC_661d8.dir/build
make[1]: Entering directory '/home/grace/Desktop/polarssl_test/klee_test/obj_gcov/CMakeFiles/CMakeTmp'
Building C object CMakeFiles/cmTC_661d8.dir/CheckSymbolExists.c.o
/usr/bin/gcc    -g -fprofile-arcs -ftest-coverage    -o CMakeFiles/cmTC_661d8.dir/CheckSymbolExists.c.o   -c /home/grace/Desktop/polarssl_test/klee_test/obj_gcov/CMakeFiles/CMakeTmp/CheckSymbolExists.c
Linking C executable cmTC_661d8
/usr/bin/cmake -E cmake_link_script CMakeFiles/cmTC_661d8.dir/link.txt --verbose=1
/usr/bin/gcc  -g -fprofile-arcs -ftest-coverage     CMakeFiles/cmTC_661d8.dir/CheckSymbolExists.c.o  -o cmTC_661d8 -rdynamic 
CMakeFiles/cmTC_661d8.dir/CheckSymbolExists.c.o: In function `main':
/home/grace/Desktop/polarssl_test/klee_test/obj_gcov/CMakeFiles/CMakeTmp/CheckSymbolExists.c:8: undefined reference to `pthread_create'
collect2: error: ld returned 1 exit status
CMakeFiles/cmTC_661d8.dir/build.make:97: recipe for target 'cmTC_661d8' failed
make[1]: *** [cmTC_661d8] Error 1
make[1]: Leaving directory '/home/grace/Desktop/polarssl_test/klee_test/obj_gcov/CMakeFiles/CMakeTmp'
Makefile:126: recipe for target 'cmTC_661d8/fast' failed
make: *** [cmTC_661d8/fast] Error 2

File /home/grace/Desktop/polarssl_test/klee_test/obj_gcov/CMakeFiles/CMakeTmp/CheckSymbolExists.c:
/* */
#include <pthread.h>

int main(int argc, char** argv)
{
  (void)argv;
#ifndef pthread_create
  return ((int*)(&pthread_create))[argc];
#else
  (void)argc;
  return 0;
#endif
}

Determining if the function pthread_create exists in the pthreads failed with the following output:
Change Dir: /home/grace/Desktop/polarssl_test/klee_test/obj_gcov/CMakeFiles/CMakeTmp

Run Build Command:"/usr/bin/make" "cmTC_677ce/fast"
/usr/bin/make -f CMakeFiles/cmTC_677ce.dir/build.make CMakeFiles/cmTC_677ce.dir/build
make[1]: Entering directory '/home/grace/Desktop/polarssl_test/klee_test/obj_gcov/CMakeFiles/CMakeTmp'
Building C object CMakeFiles/cmTC_677ce.dir/CheckFunctionExists.c.o
/usr/bin/gcc    -g -fprofile-arcs -ftest-coverage -DCHECK_FUNCTION_EXISTS=pthread_create   -o CMakeFiles/cmTC_677ce.dir/CheckFunctionExists.c.o   -c /usr/share/cmake-3.5/Modules/CheckFunctionExists.c
Linking C executable cmTC_677ce
/usr/bin/cmake -E cmake_link_script CMakeFiles/cmTC_677ce.dir/link.txt --verbose=1
/usr/bin/gcc  -g -fprofile-arcs -ftest-coverage -DCHECK_FUNCTION_EXISTS=pthread_create    CMakeFiles/cmTC_677ce.dir/CheckFunctionExists.c.o  -o cmTC_677ce -rdynamic -lpthreads 
/usr/bin/ld: cannot find -lpthreads
collect2: error: ld returned 1 exit status
CMakeFiles/cmTC_677ce.dir/build.make:97: recipe for target 'cmTC_677ce' failed
make[1]: *** [cmTC_677ce] Error 1
make[1]: Leaving directory '/home/grace/Desktop/polarssl_test/klee_test/obj_gcov/CMakeFiles/CMakeTmp'
Makefile:126: recipe for target 'cmTC_677ce/fast' failed
make: *** [cmTC_677ce/fast] Error 2


